==23986== Memcheck, a memory error detector
==23986== Copyright (C) 2002-2015, and GNU GPL'd, by Julian Seward et al.
==23986== Using Valgrind-3.11.0 and LibVEX; rerun with -h for copyright info
==23986== Command: ./shell
==23986== Parent PID: 20844
==23986== 
==24020== 
==24020== HEAP SUMMARY:
==24020==     in use at exit: 0 bytes in 0 blocks
==24020==   total heap usage: 0 allocs, 0 frees, 0 bytes allocated
==24020== 
==24020== All heap blocks were freed -- no leaks are possible
==24020== 
==24020== For counts of detected and suppressed errors, rerun with: -v
==24020== ERROR SUMMARY: 0 errors from 0 contexts (suppressed: 6 from 6)
==23986== 
==23986== HEAP SUMMARY:
==23986==     in use at exit: 0 bytes in 0 blocks
==23986==   total heap usage: 0 allocs, 0 frees, 0 bytes allocated
==23986== 
==23986== All heap blocks were freed -- no leaks are possible
==23986== 
==23986== For counts of detected and suppressed errors, rerun with: -v
==23986== ERROR SUMMARY: 0 errors from 0 contexts (suppressed: 6 from 6)
